0 info it worked if it ends with ok
1 verbose cli [ 'C:\\Program Files\\nodejs\\node.exe',
1 verbose cli   'C:\\Program Files\\nodejs\\node_modules\\npm\\bin\\npm-cli.js',
1 verbose cli   'publish' ]
2 info using npm@4.0.5
3 info using node@v7.4.0
4 verbose publish [ '.' ]
5 silly cache add args [ '.', null ]
6 verbose cache add spec .
7 silly cache add parsed spec Result {
7 silly cache add   raw: '.',
7 silly cache add   scope: null,
7 silly cache add   escapedName: null,
7 silly cache add   name: null,
7 silly cache add   rawSpec: '.',
7 silly cache add   spec: 'C:\\Users\\Charles\\Desktop\\Electralize',
7 silly cache add   type: 'directory' }
8 verbose addLocalDirectory C:\Users\Charles\AppData\Roaming\npm-cache\electralize\1.1.0\package.tgz not in flight; packing
9 verbose correctMkdir C:\Users\Charles\AppData\Roaming\npm-cache correctMkdir not in flight; initializing
10 info lifecycle electralize@1.1.0~prepublish: electralize@1.1.0
11 silly lifecycle electralize@1.1.0~prepublish: no script for prepublish, continuing
12 info lifecycle electralize@1.1.0~prepare: electralize@1.1.0
13 silly lifecycle electralize@1.1.0~prepare: no script for prepare, continuing
14 verbose tar pack [ 'C:\\Users\\Charles\\AppData\\Roaming\\npm-cache\\electralize\\1.1.0\\package.tgz',
14 verbose tar pack   'C:\\Users\\Charles\\Desktop\\Electralize' ]
15 verbose tarball C:\Users\Charles\AppData\Roaming\npm-cache\electralize\1.1.0\package.tgz
16 verbose folder C:\Users\Charles\Desktop\Electralize
17 verbose addLocalTarball adding from inside cache C:\Users\Charles\AppData\Roaming\npm-cache\electralize\1.1.0\package.tgz
18 verbose correctMkdir C:\Users\Charles\AppData\Roaming\npm-cache correctMkdir not in flight; initializing
19 silly cache afterAdd electralize@1.1.0
20 verbose afterAdd C:\Users\Charles\AppData\Roaming\npm-cache\electralize\1.1.0\package\package.json not in flight; writing
21 verbose correctMkdir C:\Users\Charles\AppData\Roaming\npm-cache correctMkdir not in flight; initializing
22 silly publish { name: 'electralize',
22 silly publish   version: '1.1.0',
22 silly publish   description: 'Electralize is a fast way to start beautiful \r Electron application using Materialize css.',
22 silly publish   main: 'main.js',
22 silly publish   scripts:
22 silly publish    { test: 'echo "Error: no test specified" && exit 1',
22 silly publish      start: '. electron' },
22 silly publish   keywords: [],
22 silly publish   author: '',
22 silly publish   license: 'ISC',
22 silly publish   dependencies:
22 silly publish    { electron: '^1.6.2',
22 silly publish      jquery: '^3.2.1',
22 silly publish      'materialize-css': '^0.98.1' },
22 silly publish   readme: '# Electralize\r\nElectralize is a fast way to start beautiful \r\nElectron application using Materialize css.\r\n\r\n## Setup\r\n\r\n### Clone the repository\r\n```sh\r\ngit clone https://github.com/Electralize.git\r\n```\r\n\r\n### Install dependencies\r\n```sh\r\nnpm install\r\n```\r\n\r\n### Launch the application\r\n```sh\r\nnpm start\r\n```\r\n\r\n## Building an app with Electralize\r\n\r\n### Main.js\r\nThis is what would usually be your browser\r\nin a normal web application. You can change the window size, \r\nbind events on resizing and such in this file. <br>\r\n*Note : You can\'t access DOM elements in* **main.js**. \r\n\r\n### Index.html\r\nThis is your normal index.html file. Use it like your would\r\nnormally do, like to place elements in the DOM, render\r\ntemplates, import headers, etc.\r\n\r\n### App.js\r\nThis is where you do your application logic : \r\nBind events on DOM elements, do HTTP requests, etc.\r\nYou can import any other javascript file, either with\r\nthe *script* tag, in your **index.html** file or \r\nwith the **require.js** library :\r\n##### index.html\r\n```html\r\n<script src="./js/app.js"></script>\r\n```\r\n##### require.js\r\n```javascript\r\nvar app = require(\'./js/app.js\');\r\n```\r\n\r\n### CSS\r\nIf you want to import you own stylesheets, you\r\nneed to include them in the **index.html** file :\r\n###### index.html\r\n```html\r\n <link rel="stylesheet" href="./css/styles.css">\r\n```\r\n',
22 silly publish   readmeFilename: 'README.md',
22 silly publish   gitHead: 'a577d1c43479cc4a680065cd332073bf08f847cd',
22 silly publish   _id: 'electralize@1.1.0',
22 silly publish   _shasum: '181e22c123fbb6edc46bdaf482a1ced18c749efd',
22 silly publish   _from: '.' }
23 info lifecycle electralize@1.1.0~prepublishOnly: electralize@1.1.0
24 silly lifecycle electralize@1.1.0~prepublishOnly: no script for prepublishOnly, continuing
25 verbose getPublishConfig undefined
26 silly mapToRegistry name electralize
27 silly mapToRegistry using default registry
28 silly mapToRegistry registry https://registry.npmjs.org/
29 silly mapToRegistry data Result {
29 silly mapToRegistry   raw: 'electralize',
29 silly mapToRegistry   scope: null,
29 silly mapToRegistry   escapedName: 'electralize',
29 silly mapToRegistry   name: 'electralize',
29 silly mapToRegistry   rawSpec: '',
29 silly mapToRegistry   spec: 'latest',
29 silly mapToRegistry   type: 'tag' }
30 silly mapToRegistry uri https://registry.npmjs.org/electralize
31 verbose publish registryBase https://registry.npmjs.org/
32 silly publish uploading C:\Users\Charles\AppData\Roaming\npm-cache\electralize\1.1.0\package.tgz
33 verbose request uri https://registry.npmjs.org/electralize
34 verbose request sending authorization for write operation
35 info attempt registry request try #1 at 10:56:35 PM
36 verbose request using bearer token for auth
37 verbose request id 4af4d15cdeb60bcb
38 http request PUT https://registry.npmjs.org/electralize
39 http 403 https://registry.npmjs.org/electralize
40 verbose headers { 'content-type': 'application/json',
40 verbose headers   'cache-control': 'max-age=300',
40 verbose headers   'content-length': '95',
40 verbose headers   'accept-ranges': 'bytes',
40 verbose headers   date: 'Fri, 14 Apr 2017 02:56:36 GMT',
40 verbose headers   via: '1.1 varnish',
40 verbose headers   connection: 'keep-alive',
40 verbose headers   'x-served-by': 'cache-jfk8150-JFK',
40 verbose headers   'x-cache': 'MISS',
40 verbose headers   'x-cache-hits': '0',
40 verbose headers   'x-timer': 'S1492138596.356159,VS0,VE578',
40 verbose headers   vary: 'Accept-Encoding' }
41 verbose request invalidating C:\Users\Charles\AppData\Roaming\npm-cache\registry.npmjs.org\electralize on PUT
42 error publish Failed PUT 403
43 verbose stack Error: "You cannot publish over the previously published version 1.1.0." : electralize
43 verbose stack     at makeError (C:\Program Files\nodejs\node_modules\npm\node_modules\npm-registry-client\lib\request.js:302:12)
43 verbose stack     at CachingRegistryClient.<anonymous> (C:\Program Files\nodejs\node_modules\npm\node_modules\npm-registry-client\lib\request.js:290:14)
43 verbose stack     at Request._callback (C:\Program Files\nodejs\node_modules\npm\node_modules\npm-registry-client\lib\request.js:210:14)
43 verbose stack     at Request.self.callback (C:\Program Files\nodejs\node_modules\npm\node_modules\request\request.js:186:22)
43 verbose stack     at emitTwo (events.js:106:13)
43 verbose stack     at Request.emit (events.js:191:7)
43 verbose stack     at Request.<anonymous> (C:\Program Files\nodejs\node_modules\npm\node_modules\request\request.js:1081:10)
43 verbose stack     at emitOne (events.js:96:13)
43 verbose stack     at Request.emit (events.js:188:7)
43 verbose stack     at IncomingMessage.<anonymous> (C:\Program Files\nodejs\node_modules\npm\node_modules\request\request.js:1001:12)
44 verbose statusCode 403
45 verbose pkgid electralize
46 verbose cwd C:\Users\Charles\Desktop\Electralize
47 error Windows_NT 10.0.14393
48 error argv "C:\\Program Files\\nodejs\\node.exe" "C:\\Program Files\\nodejs\\node_modules\\npm\\bin\\npm-cli.js" "publish"
49 error node v7.4.0
50 error npm  v4.0.5
51 error code E403
52 error "You cannot publish over the previously published version 1.1.0." : electralize
53 error If you need help, you may report this error at:
53 error     <https://github.com/npm/npm/issues>
54 verbose exit [ 1, true ]
